Using pre-set license
Built from '2020.2/release' branch; Version is '2020.2.4f1 (becced5a802b) revision 12504301'; Using compiler version '192528614'; Build Type 'Release'
OS: 'Windows 10 Home; OS build 19044.1645; Version 2009; 64bit' Language: 'es' Physical Memory: 16305 MB
BatchMode: 1, IsHumanControllingUs: 0, StartBugReporterOnCrash: 0, Is64bit: 1, IsPro: 0

 COMMAND LINE ARGUMENTS:
C:\Program Files\Unity\Hub\Editor\2020.2.4f1\Editor\Unity.exe
-adb2
-batchMode
-noUpm
-name
AssetImportWorker0
-projectPath
C:/Users/ainho/My project
-logFile
Logs/AssetImportWorker0.log
-srvPort
65393
Successfully changed project path to: C:/Users/ainho/My project
C:/Users/ainho/My project
Using Asset Import Pipeline V2.
Refreshing native plugins compatible for Editor in 37.07 ms, found 0 plugins.
Preloading 0 native plugins for Editor in 0.00 ms.
Initialize engine version: 2020.2.4f1 (becced5a802b)
[Subsystems] Discovering subsystems at path C:/Program Files/Unity/Hub/Editor/2020.2.4f1/Editor/Data/Resources/UnitySubsystems
[Subsystems] Discovering subsystems at path C:/Users/ainho/My project/Assets
GfxDevice: creating device client; threaded=0
Direct3D:
    Version:  Direct3D 11.0 [level 11.1]
    Renderer: NVIDIA GeForce RTX 3060 Ti (ID=0x2489)
    Vendor:   
    VRAM:     8050 MB
    Driver:   30.0.14.7212
Initialize mono
Mono path[0] = 'C:/Program Files/Unity/Hub/Editor/2020.2.4f1/Editor/Data/Managed'
Mono path[1] = 'C:/Program Files/Unity/Hub/Editor/2020.2.4f1/Editor/Data/MonoBleedingEdge/lib/mono/unityjit'
Mono config path = 'C:/Program Files/Unity/Hub/Editor/2020.2.4f1/Editor/Data/MonoBleedingEdge/etc'
Using monoOptions --debugger-agent=transport=dt_socket,embedding=1,server=y,suspend=n,address=127.0.0.1:56128
Begin MonoManager ReloadAssembly
Registering precompiled unity dll's ...
Register platform support module: C:/Program Files/Unity/Hub/Editor/2020.2.4f1/Editor/Data/PlaybackEngines/WindowsStandaloneSupport/UnityEditor.WindowsStandalone.Extensions.dll
Registered in 0.001584 seconds.
Native extension for WindowsStandalone target not found
Refreshing native plugins compatible for Editor in 43.22 ms, found 0 plugins.
Preloading 0 native plugins for Editor in 0.00 ms.
Invoked RoslynAnalysisRunner static constructor.
RoslynAnalysisRunner will not be running.
RoslynAnalysisRunner has terminated.
Mono: successfully reloaded assembly
- Completed reload, in  0.892 seconds
Platform modules already initialized, skipping
Registering precompiled user dll's ...
Registered in 0.001186 seconds.
Begin MonoManager ReloadAssembly
Native extension for WindowsStandalone target not found
Refreshing native plugins compatible for Editor in 43.75 ms, found 0 plugins.
Preloading 0 native plugins for Editor in 0.00 ms.
Invoked RoslynAnalysisRunner static constructor.
RoslynAnalysisRunner will not be running.
RoslynAnalysisRunner has terminated.
Mono: successfully reloaded assembly
- Completed reload, in  0.901 seconds
Platform modules already initialized, skipping
========================================================================
Worker process is ready to serve import requests
Shader 'Universal Render Pipeline/Particles/Lit': fallback shader 'Universal Render Pipeline/Particles/SimpleLit' not found
Shader 'Universal Render Pipeline/Particles/Lit': fallback shader 'Universal Render Pipeline/Particles/SimpleLit' not found
Launched and connected shader compiler UnityShaderCompiler.exe after 0.03 seconds
Refreshing native plugins compatible for Editor in 0.36 ms, found 0 plugins.
Preloading 0 native plugins for Editor in 0.00 ms.
Unloading 2658 Unused Serialized files (Serialized files now loaded: 0)
System memory in use before: 118.3 MB.
System memory in use after: 115.3 MB.

Unloading 61 unused Assets to reduce memory usage. Loaded Objects now: 3056.
Total: 3.009600 ms (FindLiveObjects: 0.257100 ms CreateObjectMapping: 0.136300 ms MarkObjects: 1.405700 ms  DeleteObjects: 1.209600 ms)

========================================================================
Received Import Request.
  path: Assets/Scripts/CameraController.cs
  artifactKey: Guid(2feee17fbb36c014bb7afa1c7639c8d4) Importer(815301076,1909f56bfc062723c751e8b465ee728b)
Start importing Assets/Scripts/CameraController.cs using Guid(2feee17fbb36c014bb7afa1c7639c8d4) Importer(815301076,1909f56bfc062723c751e8b465ee728b)  -> (artifact id: '32305d442f699d4f7f4687d5f6430b50') in 0.016016 seconds
  Import took 0.019453 seconds .

========================================================================
Received Import Request.
  Time since last request: 219.249028 seconds.
  path: Assets/Scripts/CameraController.cs
  artifactKey: Guid(2feee17fbb36c014bb7afa1c7639c8d4) Importer(815301076,1909f56bfc062723c751e8b465ee728b)
Start importing Assets/Scripts/CameraController.cs using Guid(2feee17fbb36c014bb7afa1c7639c8d4) Importer(815301076,1909f56bfc062723c751e8b465ee728b)  -> (artifact id: 'c903d2e52ad1edeea0bcb06d4a09ca4c') in 0.001979 seconds
  Import took 0.005606 seconds .

========================================================================
Received Prepare
Registering precompiled user dll's ...
Registered in 0.001081 seconds.
Begin MonoManager ReloadAssembly
Native extension for WindowsStandalone target not found
Refreshing native plugins compatible for Editor in 0.34 ms, found 0 plugins.
Preloading 0 native plugins for Editor in 0.00 ms.
Invoked RoslynAnalysisRunner static constructor.
RoslynAnalysisRunner will not be running.
RoslynAnalysisRunner has terminated.
Mono: successfully reloaded assembly
- Completed reload, in  0.707 seconds
Platform modules already initialized, skipping
Shader 'Universal Render Pipeline/Particles/Lit': fallback shader 'Universal Render Pipeline/Particles/SimpleLit' not found
Shader 'Universal Render Pipeline/Particles/Lit': fallback shader 'Universal Render Pipeline/Particles/SimpleLit' not found
Refreshing native plugins compatible for Editor in 0.34 ms, found 0 plugins.
Preloading 0 native plugins for Editor in 0.00 ms.
Unloading 2645 Unused Serialized files (Serialized files now loaded: 0)
System memory in use before: 117.9 MB.
System memory in use after: 114.9 MB.

Unloading 54 unused Assets to reduce memory usage. Loaded Objects now: 3058.
Total: 3.090000 ms (FindLiveObjects: 0.255200 ms CreateObjectMapping: 0.115500 ms MarkObjects: 1.513000 ms  DeleteObjects: 1.204700 ms)

========================================================================
Received Prepare
Registering precompiled user dll's ...
Registered in 0.001094 seconds.
Begin MonoManager ReloadAssembly
Native extension for WindowsStandalone target not found
Refreshing native plugins compatible for Editor in 0.34 ms, found 0 plugins.
Preloading 0 native plugins for Editor in 0.00 ms.
Invoked RoslynAnalysisRunner static constructor.
RoslynAnalysisRunner will not be running.
RoslynAnalysisRunner has terminated.
Mono: successfully reloaded assembly
- Completed reload, in  0.699 seconds
Platform modules already initialized, skipping
Shader 'Universal Render Pipeline/Particles/Lit': fallback shader 'Universal Render Pipeline/Particles/SimpleLit' not found
Shader 'Universal Render Pipeline/Particles/Lit': fallback shader 'Universal Render Pipeline/Particles/SimpleLit' not found
Refreshing native plugins compatible for Editor in 0.33 ms, found 0 plugins.
Preloading 0 native plugins for Editor in 0.00 ms.
Unloading 2645 Unused Serialized files (Serialized files now loaded: 0)
System memory in use before: 118.0 MB.
System memory in use after: 115.0 MB.

Unloading 54 unused Assets to reduce memory usage. Loaded Objects now: 3060.
Total: 2.877200 ms (FindLiveObjects: 0.211400 ms CreateObjectMapping: 0.101500 ms MarkObjects: 1.287500 ms  DeleteObjects: 1.275900 ms)

========================================================================
Received Import Request.
  Time since last request: 269.917534 seconds.
  path: Assets/Scenes/Materials/Background.mat
  artifactKey: Guid(e112cd2d72ee3de49a70b944ddae0018) Importer(815301076,1909f56bfc062723c751e8b465ee728b)
Start importing Assets/Scenes/Materials/Background.mat using Guid(e112cd2d72ee3de49a70b944ddae0018) Importer(815301076,1909f56bfc062723c751e8b465ee728b)  -> (artifact id: '2792e74d6bc90f4f2a73028f090525b7') in 0.080135 seconds
  Import took 0.084039 seconds .

========================================================================
Received Import Request.
  Time since last request: 0.000164 seconds.
  path: Assets/Scenes/Materials/Player.mat
  artifactKey: Guid(f99b8317f1aac854991ac309a4d6dc86) Importer(815301076,1909f56bfc062723c751e8b465ee728b)
Start importing Assets/Scenes/Materials/Player.mat using Guid(f99b8317f1aac854991ac309a4d6dc86) Importer(815301076,1909f56bfc062723c751e8b465ee728b)  -> (artifact id: '6159b931755fdd72c7b05f409386bada') in 0.019380 seconds
  Import took 0.022335 seconds .

========================================================================
Received Import Request.
  Time since last request: 7.526680 seconds.
  path: Assets/Scenes/Materials/New Flare.flare
  artifactKey: Guid(e25d10d5fc3485a459230253c3164cf7) Importer(815301076,1909f56bfc062723c751e8b465ee728b)
Start importing Assets/Scenes/Materials/New Flare.flare using Guid(e25d10d5fc3485a459230253c3164cf7) Importer(815301076,1909f56bfc062723c751e8b465ee728b)  -> (artifact id: '644a5bcc532eeea43ed1b12fcb035ec1') in 0.005783 seconds
  Import took 0.009044 seconds .

========================================================================
Received Import Request.
  Time since last request: 0.001425 seconds.
  path: Assets/Scenes/Materials/New Flare.flare
  artifactKey: Guid(e25d10d5fc3485a459230253c3164cf7) Importer(815301076,1909f56bfc062723c751e8b465ee728b)
Start importing Assets/Scenes/Materials/New Flare.flare using Guid(e25d10d5fc3485a459230253c3164cf7) Importer(815301076,1909f56bfc062723c751e8b465ee728b)  -> (artifact id: '644a5bcc532eeea43ed1b12fcb035ec1') in 0.002248 seconds
  Import took 0.005590 seconds .

========================================================================
Received Import Request.
  Time since last request: 8.676643 seconds.
  path: Assets/Scenes/Materials/New Material.mat
  artifactKey: Guid(f1103506b7419cb4db650f0a60adc5a3) Importer(815301076,1909f56bfc062723c751e8b465ee728b)
Start importing Assets/Scenes/Materials/New Material.mat using Guid(f1103506b7419cb4db650f0a60adc5a3) Importer(815301076,1909f56bfc062723c751e8b465ee728b)  -> (artifact id: '40978a2de68dfee170ed1d71e8082d35') in 0.018586 seconds
  Import took 0.021740 seconds .

========================================================================
Received Import Request.
  Time since last request: 407.153642 seconds.
  path: Assets/Scenes/Materials/Walls.mat
  artifactKey: Guid(f1103506b7419cb4db650f0a60adc5a3) Importer(815301076,1909f56bfc062723c751e8b465ee728b)
Start importing Assets/Scenes/Materials/Walls.mat using Guid(f1103506b7419cb4db650f0a60adc5a3) Importer(815301076,1909f56bfc062723c751e8b465ee728b)  -> (artifact id: '5f5d7ce5077462e2b85ecb968d5237ad') in 0.010482 seconds
  Import took 0.014139 seconds .

========================================================================
Received Prepare
Registering precompiled user dll's ...
Registered in 0.001128 seconds.
Begin MonoManager ReloadAssembly
Native extension for WindowsStandalone target not found
Refreshing native plugins compatible for Editor in 0.34 ms, found 0 plugins.
Preloading 0 native plugins for Editor in 0.00 ms.
Invoked RoslynAnalysisRunner static constructor.
RoslynAnalysisRunner will not be running.
RoslynAnalysisRunner has terminated.
Mono: successfully reloaded assembly
- Completed reload, in  0.708 seconds
Platform modules already initialized, skipping
Shader 'Universal Render Pipeline/Particles/Lit': fallback shader 'Universal Render Pipeline/Particles/SimpleLit' not found
Shader 'Universal Render Pipeline/Particles/Lit': fallback shader 'Universal Render Pipeline/Particles/SimpleLit' not found
Refreshing native plugins compatible for Editor in 0.35 ms, found 0 plugins.
Preloading 0 native plugins for Editor in 0.00 ms.
Unloading 2645 Unused Serialized files (Serialized files now loaded: 0)
System memory in use before: 121.2 MB.
System memory in use after: 118.2 MB.

Unloading 54 unused Assets to reduce memory usage. Loaded Objects now: 3102.
Total: 2.846600 ms (FindLiveObjects: 0.215200 ms CreateObjectMapping: 0.100900 ms MarkObjects: 1.322500 ms  DeleteObjects: 1.207200 ms)

========================================================================
Received Import Request.
  Time since last request: 192.054854 seconds.
  path: Assets/Scenes/Materials/Pick-Up.mat
  artifactKey: Guid(dd45b5481de686b42a1d6b3fc042c655) Importer(815301076,1909f56bfc062723c751e8b465ee728b)
Start importing Assets/Scenes/Materials/Pick-Up.mat using Guid(dd45b5481de686b42a1d6b3fc042c655) Importer(815301076,1909f56bfc062723c751e8b465ee728b)  -> (artifact id: 'd5e4e37af5dc9510067745e8551f2f50') in 0.052688 seconds
  Import took 0.056573 seconds .

========================================================================
Received Prepare
Registering precompiled user dll's ...
Registered in 0.001097 seconds.
Begin MonoManager ReloadAssembly
Native extension for WindowsStandalone target not found
Refreshing native plugins compatible for Editor in 0.35 ms, found 0 plugins.
Preloading 0 native plugins for Editor in 0.00 ms.
Invoked RoslynAnalysisRunner static constructor.
RoslynAnalysisRunner will not be running.
RoslynAnalysisRunner has terminated.
Mono: successfully reloaded assembly
- Completed reload, in  0.749 seconds
Platform modules already initialized, skipping
Shader 'Universal Render Pipeline/Particles/Lit': fallback shader 'Universal Render Pipeline/Particles/SimpleLit' not found
Shader 'Universal Render Pipeline/Particles/Lit': fallback shader 'Universal Render Pipeline/Particles/SimpleLit' not found
Refreshing native plugins compatible for Editor in 0.36 ms, found 0 plugins.
Preloading 0 native plugins for Editor in 0.00 ms.
Unloading 2646 Unused Serialized files (Serialized files now loaded: 0)
System memory in use before: 121.3 MB.
System memory in use after: 118.2 MB.

Unloading 54 unused Assets to reduce memory usage. Loaded Objects now: 3106.
Total: 2.971900 ms (FindLiveObjects: 0.214600 ms CreateObjectMapping: 0.105600 ms MarkObjects: 1.309700 ms  DeleteObjects: 1.341200 ms)

========================================================================
Received Prepare
Registering precompiled user dll's ...
Registered in 0.001102 seconds.
Begin MonoManager ReloadAssembly
Native extension for WindowsStandalone target not found
Refreshing native plugins compatible for Editor in 0.34 ms, found 0 plugins.
Preloading 0 native plugins for Editor in 0.00 ms.
Invoked RoslynAnalysisRunner static constructor.
RoslynAnalysisRunner will not be running.
RoslynAnalysisRunner has terminated.
Mono: successfully reloaded assembly
- Completed reload, in  0.709 seconds
Platform modules already initialized, skipping
Shader 'Universal Render Pipeline/Particles/Lit': fallback shader 'Universal Render Pipeline/Particles/SimpleLit' not found
Shader 'Universal Render Pipeline/Particles/Lit': fallback shader 'Universal Render Pipeline/Particles/SimpleLit' not found
Refreshing native plugins compatible for Editor in 0.34 ms, found 0 plugins.
Preloading 0 native plugins for Editor in 0.00 ms.
Unloading 2646 Unused Serialized files (Serialized files now loaded: 0)
System memory in use before: 121.3 MB.
System memory in use after: 118.3 MB.

Unloading 54 unused Assets to reduce memory usage. Loaded Objects now: 3108.
Total: 3.605400 ms (FindLiveObjects: 0.238400 ms CreateObjectMapping: 0.107600 ms MarkObjects: 1.681200 ms  DeleteObjects: 1.577100 ms)

========================================================================
Received Import Request.
  Time since last request: 114.735448 seconds.
  path: Assets/Scripts/Rotator.cs
  artifactKey: Guid(c9bb76630872ddf498d63e6868982f09) Importer(815301076,1909f56bfc062723c751e8b465ee728b)
Start importing Assets/Scripts/Rotator.cs using Guid(c9bb76630872ddf498d63e6868982f09) Importer(815301076,1909f56bfc062723c751e8b465ee728b)  -> (artifact id: '99659f4dde0a53427d8dbd488c3a915c') in 0.007062 seconds
  Import took 0.010539 seconds .

========================================================================
Received Import Request.
  Time since last request: 0.001002 seconds.
  path: Assets/Scripts/Rotator.cs
  artifactKey: Guid(c9bb76630872ddf498d63e6868982f09) Importer(815301076,1909f56bfc062723c751e8b465ee728b)
Start importing Assets/Scripts/Rotator.cs using Guid(c9bb76630872ddf498d63e6868982f09) Importer(815301076,1909f56bfc062723c751e8b465ee728b)  -> (artifact id: '99659f4dde0a53427d8dbd488c3a915c') in 0.001886 seconds
  Import took 0.005169 seconds .

========================================================================
Received Prepare
Registering precompiled user dll's ...
Registered in 0.001054 seconds.
Begin MonoManager ReloadAssembly
Native extension for WindowsStandalone target not found
Refreshing native plugins compatible for Editor in 0.38 ms, found 0 plugins.
Preloading 0 native plugins for Editor in 0.00 ms.
Invoked RoslynAnalysisRunner static constructor.
RoslynAnalysisRunner will not be running.
RoslynAnalysisRunner has terminated.
Mono: successfully reloaded assembly
- Completed reload, in  0.697 seconds
Platform modules already initialized, skipping
Shader 'Universal Render Pipeline/Particles/Lit': fallback shader 'Universal Render Pipeline/Particles/SimpleLit' not found
Shader 'Universal Render Pipeline/Particles/Lit': fallback shader 'Universal Render Pipeline/Particles/SimpleLit' not found
Refreshing native plugins compatible for Editor in 0.34 ms, found 0 plugins.
Preloading 0 native plugins for Editor in 0.00 ms.
Unloading 2646 Unused Serialized files (Serialized files now loaded: 0)
System memory in use before: 121.3 MB.
System memory in use after: 118.3 MB.

Unloading 54 unused Assets to reduce memory usage. Loaded Objects now: 3110.
Total: 3.086500 ms (FindLiveObjects: 0.232700 ms CreateObjectMapping: 0.108900 ms MarkObjects: 1.390600 ms  DeleteObjects: 1.353500 ms)

========================================================================
Received Import Request.
  Time since last request: 121.451085 seconds.
  path: Assets/Scripts/Rotator.cs
  artifactKey: Guid(c9bb76630872ddf498d63e6868982f09) Importer(815301076,1909f56bfc062723c751e8b465ee728b)
Start importing Assets/Scripts/Rotator.cs using Guid(c9bb76630872ddf498d63e6868982f09) Importer(815301076,1909f56bfc062723c751e8b465ee728b)  -> (artifact id: '33eb8cc149e9e0b94bfeef0b22f08002') in 0.004159 seconds
  Import took 0.007415 seconds .

========================================================================
Received Prepare
Registering precompiled user dll's ...
Registered in 0.001084 seconds.
Begin MonoManager ReloadAssembly
Native extension for WindowsStandalone target not found
Refreshing native plugins compatible for Editor in 0.37 ms, found 0 plugins.
Preloading 0 native plugins for Editor in 0.00 ms.
Invoked RoslynAnalysisRunner static constructor.
RoslynAnalysisRunner will not be running.
RoslynAnalysisRunner has terminated.
Mono: successfully reloaded assembly
- Completed reload, in  0.710 seconds
Platform modules already initialized, skipping
Shader 'Universal Render Pipeline/Particles/Lit': fallback shader 'Universal Render Pipeline/Particles/SimpleLit' not found
Shader 'Universal Render Pipeline/Particles/Lit': fallback shader 'Universal Render Pipeline/Particles/SimpleLit' not found
Refreshing native plugins compatible for Editor in 0.34 ms, found 0 plugins.
Preloading 0 native plugins for Editor in 0.00 ms.
Unloading 2646 Unused Serialized files (Serialized files now loaded: 0)
System memory in use before: 121.3 MB.
System memory in use after: 118.3 MB.

Unloading 54 unused Assets to reduce memory usage. Loaded Objects now: 3112.
Total: 3.285100 ms (FindLiveObjects: 0.236300 ms CreateObjectMapping: 0.121000 ms MarkObjects: 1.398200 ms  DeleteObjects: 1.528800 ms)

========================================================================
Received Prepare
Registering precompiled user dll's ...
Registered in 0.001044 seconds.
Begin MonoManager ReloadAssembly
Native extension for WindowsStandalone target not found
Refreshing native plugins compatible for Editor in 0.34 ms, found 0 plugins.
Preloading 0 native plugins for Editor in 0.00 ms.
Invoked RoslynAnalysisRunner static constructor.
RoslynAnalysisRunner will not be running.
RoslynAnalysisRunner has terminated.
Mono: successfully reloaded assembly
- Completed reload, in  0.697 seconds
Platform modules already initialized, skipping
Shader 'Universal Render Pipeline/Particles/Lit': fallback shader 'Universal Render Pipeline/Particles/SimpleLit' not found
Shader 'Universal Render Pipeline/Particles/Lit': fallback shader 'Universal Render Pipeline/Particles/SimpleLit' not found
Refreshing native plugins compatible for Editor in 0.34 ms, found 0 plugins.
Preloading 0 native plugins for Editor in 0.00 ms.
Unloading 2646 Unused Serialized files (Serialized files now loaded: 0)
System memory in use before: 121.3 MB.
System memory in use after: 118.3 MB.

Unloading 54 unused Assets to reduce memory usage. Loaded Objects now: 3114.
Total: 3.101000 ms (FindLiveObjects: 0.217000 ms CreateObjectMapping: 0.099100 ms MarkObjects: 1.421400 ms  DeleteObjects: 1.362700 ms)

========================================================================
Received Import Request.
  Time since last request: 39.098481 seconds.
  path: Assets/Scripts/Rotator.cs
  artifactKey: Guid(c9bb76630872ddf498d63e6868982f09) Importer(815301076,1909f56bfc062723c751e8b465ee728b)
Start importing Assets/Scripts/Rotator.cs using Guid(c9bb76630872ddf498d63e6868982f09) Importer(815301076,1909f56bfc062723c751e8b465ee728b)  -> (artifact id: '82c740d31002995e3553f1a7c656924a') in 0.004377 seconds
  Import took 0.008088 seconds .

========================================================================
Received Prepare
Registering precompiled user dll's ...
Registered in 0.001086 seconds.
Begin MonoManager ReloadAssembly
Native extension for WindowsStandalone target not found
Refreshing native plugins compatible for Editor in 0.34 ms, found 0 plugins.
Preloading 0 native plugins for Editor in 0.00 ms.
Invoked RoslynAnalysisRunner static constructor.
RoslynAnalysisRunner will not be running.
RoslynAnalysisRunner has terminated.
Mono: successfully reloaded assembly
- Completed reload, in  0.689 seconds
Platform modules already initialized, skipping
Shader 'Universal Render Pipeline/Particles/Lit': fallback shader 'Universal Render Pipeline/Particles/SimpleLit' not found
Shader 'Universal Render Pipeline/Particles/Lit': fallback shader 'Universal Render Pipeline/Particles/SimpleLit' not found
Refreshing native plugins compatible for Editor in 0.36 ms, found 0 plugins.
Preloading 0 native plugins for Editor in 0.00 ms.
Unloading 2646 Unused Serialized files (Serialized files now loaded: 0)
System memory in use before: 121.3 MB.
System memory in use after: 118.3 MB.

Unloading 54 unused Assets to reduce memory usage. Loaded Objects now: 3116.
Total: 4.110900 ms (FindLiveObjects: 0.338600 ms CreateObjectMapping: 0.177600 ms MarkObjects: 2.154400 ms  DeleteObjects: 1.439500 ms)

========================================================================
Received Import Request.
  Time since last request: 152.306294 seconds.
  path: Assets/Prefabs
  artifactKey: Guid(9c3bc9707df79804f91fadf3ae659630) Importer(815301076,1909f56bfc062723c751e8b465ee728b)
Start importing Assets/Prefabs using Guid(9c3bc9707df79804f91fadf3ae659630) Importer(815301076,1909f56bfc062723c751e8b465ee728b)  -> (artifact id: 'daa78023d8381264ad34b0d57b37563b') in 0.014193 seconds
  Import took 0.017697 seconds .

========================================================================
Received Import Request.
  Time since last request: 4.050054 seconds.
  path: Assets/Prefabs/Pick-Up.prefab
  artifactKey: Guid(3db314ca1a9fd7343b880e8fb5f6c8b9) Importer(815301076,1909f56bfc062723c751e8b465ee728b)
Start importing Assets/Prefabs/Pick-Up.prefab using Guid(3db314ca1a9fd7343b880e8fb5f6c8b9) Importer(815301076,1909f56bfc062723c751e8b465ee728b)  -> (artifact id: 'e1cdac1a19ba86b45384a8b14ae64a1f') in 0.041344 seconds
  Import took 0.044522 seconds .

========================================================================
Received Import Request.
  Time since last request: 0.008508 seconds.
  path: Assets/Prefabs/Pick-Up.prefab
  artifactKey: Guid(3db314ca1a9fd7343b880e8fb5f6c8b9) Importer(815301076,1909f56bfc062723c751e8b465ee728b)
Start importing Assets/Prefabs/Pick-Up.prefab using Guid(3db314ca1a9fd7343b880e8fb5f6c8b9) Importer(815301076,1909f56bfc062723c751e8b465ee728b)  -> (artifact id: 'e1cdac1a19ba86b45384a8b14ae64a1f') in 0.005651 seconds
  Import took 0.008882 seconds .

========================================================================
Received Import Request.
  Time since last request: 791.883736 seconds.
  path: Assets/Scripts/PlayerController.cs
  artifactKey: Guid(61f358ea68d838c4990d0493c6a970b7) Importer(815301076,1909f56bfc062723c751e8b465ee728b)
Start importing Assets/Scripts/PlayerController.cs using Guid(61f358ea68d838c4990d0493c6a970b7) Importer(815301076,1909f56bfc062723c751e8b465ee728b)  -> (artifact id: '399cdf8390ebccad746ef8d926302474') in 0.004757 seconds
  Import took 0.008578 seconds .

========================================================================
Received Prepare
Registering precompiled user dll's ...
Registered in 0.001077 seconds.
Begin MonoManager ReloadAssembly
Native extension for WindowsStandalone target not found
Refreshing native plugins compatible for Editor in 0.35 ms, found 0 plugins.
Preloading 0 native plugins for Editor in 0.00 ms.
Invoked RoslynAnalysisRunner static constructor.
RoslynAnalysisRunner will not be running.
RoslynAnalysisRunner has terminated.
Mono: successfully reloaded assembly
- Completed reload, in  0.697 seconds
Platform modules already initialized, skipping
Shader 'Universal Render Pipeline/Particles/Lit': fallback shader 'Universal Render Pipeline/Particles/SimpleLit' not found
Shader 'Universal Render Pipeline/Particles/Lit': fallback shader 'Universal Render Pipeline/Particles/SimpleLit' not found
Refreshing native plugins compatible for Editor in 0.35 ms, found 0 plugins.
Preloading 0 native plugins for Editor in 0.00 ms.
Unloading 2646 Unused Serialized files (Serialized files now loaded: 0)
System memory in use before: 121.4 MB.
System memory in use after: 118.3 MB.

Unloading 54 unused Assets to reduce memory usage. Loaded Objects now: 3120.
Total: 3.504100 ms (FindLiveObjects: 0.265600 ms CreateObjectMapping: 0.125500 ms MarkObjects: 1.667400 ms  DeleteObjects: 1.444400 ms)

========================================================================
Received Import Request.
  Time since last request: 272.325424 seconds.
  path: Assets/Scripts/PlayerController.cs
  artifactKey: Guid(61f358ea68d838c4990d0493c6a970b7) Importer(815301076,1909f56bfc062723c751e8b465ee728b)
Start importing Assets/Scripts/PlayerController.cs using Guid(61f358ea68d838c4990d0493c6a970b7) Importer(815301076,1909f56bfc062723c751e8b465ee728b)  -> (artifact id: 'd02d88ba4209025bd3a33a4ffad0338e') in 0.003936 seconds
  Import took 0.007077 seconds .

========================================================================
Received Import Request.
  Time since last request: 0.759856 seconds.
  path: Assets/Scripts/PlayerController.cs
  artifactKey: Guid(61f358ea68d838c4990d0493c6a970b7) Importer(815301076,1909f56bfc062723c751e8b465ee728b)
Start importing Assets/Scripts/PlayerController.cs using Guid(61f358ea68d838c4990d0493c6a970b7) Importer(815301076,1909f56bfc062723c751e8b465ee728b)  -> (artifact id: 'd02d88ba4209025bd3a33a4ffad0338e') in 0.001858 seconds
  Import took 0.006681 seconds .

========================================================================
Received Prepare
Registering precompiled user dll's ...
Registered in 0.001130 seconds.
Begin MonoManager ReloadAssembly
Native extension for WindowsStandalone target not found
Refreshing native plugins compatible for Editor in 0.34 ms, found 0 plugins.
Preloading 0 native plugins for Editor in 0.00 ms.
Invoked RoslynAnalysisRunner static constructor.
RoslynAnalysisRunner will not be running.
RoslynAnalysisRunner has terminated.
Mono: successfully reloaded assembly
- Completed reload, in  0.689 seconds
Platform modules already initialized, skipping
Shader 'Universal Render Pipeline/Particles/Lit': fallback shader 'Universal Render Pipeline/Particles/SimpleLit' not found
Shader 'Universal Render Pipeline/Particles/Lit': fallback shader 'Universal Render Pipeline/Particles/SimpleLit' not found
Refreshing native plugins compatible for Editor in 0.34 ms, found 0 plugins.
Preloading 0 native plugins for Editor in 0.00 ms.
Unloading 2646 Unused Serialized files (Serialized files now loaded: 0)
System memory in use before: 121.3 MB.
System memory in use after: 118.3 MB.

Unloading 54 unused Assets to reduce memory usage. Loaded Objects now: 3122.
Total: 3.548500 ms (FindLiveObjects: 0.282400 ms CreateObjectMapping: 0.105700 ms MarkObjects: 1.424600 ms  DeleteObjects: 1.734500 ms)

========================================================================
Received Import Request.
  Time since last request: 149.245195 seconds.
  path: ProjectSettings/TagManager.asset
  artifactKey: Guid(00000000000000003000000000000000) Importer(815301076,1909f56bfc062723c751e8b465ee728b)
Start importing ProjectSettings/TagManager.asset using Guid(00000000000000003000000000000000) Importer(815301076,1909f56bfc062723c751e8b465ee728b)  -> (artifact id: 'd7fc6db537de490c66388a0e179d6586') in 0.013654 seconds
  Import took 0.016920 seconds .

========================================================================
Received Import Request.
  Time since last request: 145.318154 seconds.
  path: Assets/Prefabs/Pick-Up.prefab
  artifactKey: Guid(3db314ca1a9fd7343b880e8fb5f6c8b9) Importer(815301076,1909f56bfc062723c751e8b465ee728b)
Start importing Assets/Prefabs/Pick-Up.prefab using Guid(3db314ca1a9fd7343b880e8fb5f6c8b9) Importer(815301076,1909f56bfc062723c751e8b465ee728b)  -> (artifact id: '48ee5845346ef16666ba88b35416bf42') in 0.034603 seconds
  Import took 0.038281 seconds .

========================================================================
Received Prepare
Registering precompiled user dll's ...
Registered in 0.001065 seconds.
Begin MonoManager ReloadAssembly
Native extension for WindowsStandalone target not found
Refreshing native plugins compatible for Editor in 0.36 ms, found 0 plugins.
Preloading 0 native plugins for Editor in 0.00 ms.
Invoked RoslynAnalysisRunner static constructor.
RoslynAnalysisRunner will not be running.
RoslynAnalysisRunner has terminated.
Mono: successfully reloaded assembly
- Completed reload, in  0.695 seconds
Platform modules already initialized, skipping
Shader 'Universal Render Pipeline/Particles/Lit': fallback shader 'Universal Render Pipeline/Particles/SimpleLit' not found
Shader 'Universal Render Pipeline/Particles/Lit': fallback shader 'Universal Render Pipeline/Particles/SimpleLit' not found
Refreshing native plugins compatible for Editor in 0.35 ms, found 0 plugins.
Preloading 0 native plugins for Editor in 0.00 ms.
Unloading 2646 Unused Serialized files (Serialized files now loaded: 0)
System memory in use before: 121.3 MB.
System memory in use after: 118.3 MB.

Unloading 55 unused Assets to reduce memory usage. Loaded Objects now: 3125.
Total: 3.199800 ms (FindLiveObjects: 0.263000 ms CreateObjectMapping: 0.131600 ms MarkObjects: 1.383300 ms  DeleteObjects: 1.420300 ms)

========================================================================
Received Prepare
Registering precompiled user dll's ...
Registered in 0.001071 seconds.
Begin MonoManager ReloadAssembly
Native extension for WindowsStandalone target not found
Refreshing native plugins compatible for Editor in 0.34 ms, found 0 plugins.
Preloading 0 native plugins for Editor in 0.00 ms.
Invoked RoslynAnalysisRunner static constructor.
RoslynAnalysisRunner will not be running.
RoslynAnalysisRunner has terminated.
Mono: successfully reloaded assembly
- Completed reload, in  0.694 seconds
Platform modules already initialized, skipping
Shader 'Universal Render Pipeline/Particles/Lit': fallback shader 'Universal Render Pipeline/Particles/SimpleLit' not found
Shader 'Universal Render Pipeline/Particles/Lit': fallback shader 'Universal Render Pipeline/Particles/SimpleLit' not found
Refreshing native plugins compatible for Editor in 0.34 ms, found 0 plugins.
Preloading 0 native plugins for Editor in 0.00 ms.
Unloading 2646 Unused Serialized files (Serialized files now loaded: 0)
System memory in use before: 121.4 MB.
System memory in use after: 118.3 MB.

Unloading 54 unused Assets to reduce memory usage. Loaded Objects now: 3127.
Total: 3.373900 ms (FindLiveObjects: 0.244600 ms CreateObjectMapping: 0.109200 ms MarkObjects: 1.410500 ms  DeleteObjects: 1.608700 ms)

========================================================================
Received Import Request.
  Time since last request: 529.040416 seconds.
  path: Assets/Prefabs/Pick-Up.prefab
  artifactKey: Guid(3db314ca1a9fd7343b880e8fb5f6c8b9) Importer(815301076,1909f56bfc062723c751e8b465ee728b)
Start importing Assets/Prefabs/Pick-Up.prefab using Guid(3db314ca1a9fd7343b880e8fb5f6c8b9) Importer(815301076,1909f56bfc062723c751e8b465ee728b)  -> (artifact id: '1d166497a56ef6550d5b5da7f099c3cd') in 0.042720 seconds
  Import took 0.046709 seconds .

========================================================================
Received Prepare
Registering precompiled user dll's ...
Registered in 0.001028 seconds.
Begin MonoManager ReloadAssembly
Native extension for WindowsStandalone target not found
Refreshing native plugins compatible for Editor in 0.35 ms, found 0 plugins.
Preloading 0 native plugins for Editor in 0.00 ms.
Invoked RoslynAnalysisRunner static constructor.
RoslynAnalysisRunner will not be running.
RoslynAnalysisRunner has terminated.
Mono: successfully reloaded assembly
- Completed reload, in  0.705 seconds
Platform modules already initialized, skipping
Shader 'Universal Render Pipeline/Particles/Lit': fallback shader 'Universal Render Pipeline/Particles/SimpleLit' not found
Shader 'Universal Render Pipeline/Particles/Lit': fallback shader 'Universal Render Pipeline/Particles/SimpleLit' not found
Refreshing native plugins compatible for Editor in 0.36 ms, found 0 plugins.
Preloading 0 native plugins for Editor in 0.00 ms.
Unloading 2646 Unused Serialized files (Serialized files now loaded: 0)
System memory in use before: 121.4 MB.
System memory in use after: 118.4 MB.

Unloading 54 unused Assets to reduce memory usage. Loaded Objects now: 3130.
Total: 3.908600 ms (FindLiveObjects: 0.514500 ms CreateObjectMapping: 0.188800 ms MarkObjects: 1.570900 ms  DeleteObjects: 1.633400 ms)

========================================================================
Received Import Request.
  Time since last request: 30.114884 seconds.
  path: Assets/Prefabs/Pick-Up.prefab
  artifactKey: Guid(3db314ca1a9fd7343b880e8fb5f6c8b9) Importer(815301076,1909f56bfc062723c751e8b465ee728b)
Start importing Assets/Prefabs/Pick-Up.prefab using Guid(3db314ca1a9fd7343b880e8fb5f6c8b9) Importer(815301076,1909f56bfc062723c751e8b465ee728b)  -> (artifact id: 'e98835cf9e2b09df3bff3aadb2722dad') in 0.041601 seconds
  Import took 0.044839 seconds .

========================================================================
Received Prepare
Registering precompiled user dll's ...
Registered in 0.001077 seconds.
Begin MonoManager ReloadAssembly
Native extension for WindowsStandalone target not found
Refreshing native plugins compatible for Editor in 0.34 ms, found 0 plugins.
Preloading 0 native plugins for Editor in 0.00 ms.
Invoked RoslynAnalysisRunner static constructor.
RoslynAnalysisRunner will not be running.
RoslynAnalysisRunner has terminated.
Mono: successfully reloaded assembly
- Completed reload, in  0.695 seconds
Platform modules already initialized, skipping
Shader 'Universal Render Pipeline/Particles/Lit': fallback shader 'Universal Render Pipeline/Particles/SimpleLit' not found
Shader 'Universal Render Pipeline/Particles/Lit': fallback shader 'Universal Render Pipeline/Particles/SimpleLit' not found
Refreshing native plugins compatible for Editor in 0.34 ms, found 0 plugins.
Preloading 0 native plugins for Editor in 0.00 ms.
Unloading 2646 Unused Serialized files (Serialized files now loaded: 0)
System memory in use before: 121.4 MB.
System memory in use after: 118.4 MB.

Unloading 54 unused Assets to reduce memory usage. Loaded Objects now: 3133.
Total: 3.140000 ms (FindLiveObjects: 0.308400 ms CreateObjectMapping: 0.110300 ms MarkObjects: 1.353800 ms  DeleteObjects: 1.366900 ms)

========================================================================
Received Import Request.
  Time since last request: 16.347654 seconds.
  path: Assets/Prefabs/Pick-Up.prefab
  artifactKey: Guid(3db314ca1a9fd7343b880e8fb5f6c8b9) Importer(815301076,1909f56bfc062723c751e8b465ee728b)
Start importing Assets/Prefabs/Pick-Up.prefab using Guid(3db314ca1a9fd7343b880e8fb5f6c8b9) Importer(815301076,1909f56bfc062723c751e8b465ee728b)  -> (artifact id: 'f1013271fcb51cb03c551973d20bece7') in 0.042106 seconds
  Import took 0.045486 seconds .

========================================================================
Received Import Request.
  Time since last request: 19.509201 seconds.
  path: Assets/Prefabs/Pick-Up.prefab
  artifactKey: Guid(3db314ca1a9fd7343b880e8fb5f6c8b9) Importer(815301076,1909f56bfc062723c751e8b465ee728b)
Start importing Assets/Prefabs/Pick-Up.prefab using Guid(3db314ca1a9fd7343b880e8fb5f6c8b9) Importer(815301076,1909f56bfc062723c751e8b465ee728b)  -> (artifact id: 'c363685869f6a954e043d3edfd860c09') in 0.009766 seconds
  Import took 0.012995 seconds .

========================================================================
Received Prepare
Registering precompiled user dll's ...
Registered in 0.001197 seconds.
Begin MonoManager ReloadAssembly
Native extension for WindowsStandalone target not found
Refreshing native plugins compatible for Editor in 0.35 ms, found 0 plugins.
Preloading 0 native plugins for Editor in 0.00 ms.
Invoked RoslynAnalysisRunner static constructor.
RoslynAnalysisRunner will not be running.
RoslynAnalysisRunner has terminated.
Mono: successfully reloaded assembly
- Completed reload, in  0.712 seconds
Platform modules already initialized, skipping
Shader 'Universal Render Pipeline/Particles/Lit': fallback shader 'Universal Render Pipeline/Particles/SimpleLit' not found
Shader 'Universal Render Pipeline/Particles/Lit': fallback shader 'Universal Render Pipeline/Particles/SimpleLit' not found
Refreshing native plugins compatible for Editor in 0.35 ms, found 0 plugins.
Preloading 0 native plugins for Editor in 0.00 ms.
Unloading 2646 Unused Serialized files (Serialized files now loaded: 0)
System memory in use before: 121.4 MB.
System memory in use after: 118.4 MB.

Unloading 54 unused Assets to reduce memory usage. Loaded Objects now: 3136.
Total: 3.216700 ms (FindLiveObjects: 0.286700 ms CreateObjectMapping: 0.114900 ms MarkObjects: 1.401700 ms  DeleteObjects: 1.409900 ms)

========================================================================
Received Prepare
Registering precompiled user dll's ...
Registered in 0.001158 seconds.
Begin MonoManager ReloadAssembly
Native extension for WindowsStandalone target not found
Refreshing native plugins compatible for Editor in 0.36 ms, found 0 plugins.
Preloading 0 native plugins for Editor in 0.00 ms.
Invoked RoslynAnalysisRunner static constructor.
RoslynAnalysisRunner will not be running.
RoslynAnalysisRunner has terminated.
Mono: successfully reloaded assembly
- Completed reload, in  0.709 seconds
Platform modules already initialized, skipping
Shader 'Universal Render Pipeline/Particles/Lit': fallback shader 'Universal Render Pipeline/Particles/SimpleLit' not found
Shader 'Universal Render Pipeline/Particles/Lit': fallback shader 'Universal Render Pipeline/Particles/SimpleLit' not found
Refreshing native plugins compatible for Editor in 0.34 ms, found 0 plugins.
Preloading 0 native plugins for Editor in 0.00 ms.
Unloading 2646 Unused Serialized files (Serialized files now loaded: 0)
System memory in use before: 121.4 MB.
System memory in use after: 118.4 MB.

Unloading 54 unused Assets to reduce memory usage. Loaded Objects now: 3138.
Total: 3.171100 ms (FindLiveObjects: 0.237700 ms CreateObjectMapping: 0.128800 ms MarkObjects: 1.377000 ms  DeleteObjects: 1.426500 ms)

========================================================================
Received Prepare
Registering precompiled user dll's ...
Registered in 0.001075 seconds.
Begin MonoManager ReloadAssembly
Native extension for WindowsStandalone target not found
Refreshing native plugins compatible for Editor in 0.34 ms, found 0 plugins.
Preloading 0 native plugins for Editor in 0.00 ms.
Invoked RoslynAnalysisRunner static constructor.
RoslynAnalysisRunner will not be running.
RoslynAnalysisRunner has terminated.
Mono: successfully reloaded assembly
- Completed reload, in  0.716 seconds
Platform modules already initialized, skipping
Shader 'Universal Render Pipeline/Particles/Lit': fallback shader 'Universal Render Pipeline/Particles/SimpleLit' not found
Shader 'Universal Render Pipeline/Particles/Lit': fallback shader 'Universal Render Pipeline/Particles/SimpleLit' not found
Refreshing native plugins compatible for Editor in 0.35 ms, found 0 plugins.
Preloading 0 native plugins for Editor in 0.00 ms.
Unloading 2659 Unused Serialized files (Serialized files now loaded: 0)
System memory in use before: 123.1 MB.
System memory in use after: 119.5 MB.

Unloading 67 unused Assets to reduce memory usage. Loaded Objects now: 3140.
Total: 3.350200 ms (FindLiveObjects: 0.229100 ms CreateObjectMapping: 0.119800 ms MarkObjects: 1.423400 ms  DeleteObjects: 1.576800 ms)

========================================================================
Received Prepare
Registering precompiled user dll's ...
Registered in 0.001155 seconds.
Begin MonoManager ReloadAssembly
Native extension for WindowsStandalone target not found
Refreshing native plugins compatible for Editor in 0.34 ms, found 0 plugins.
Preloading 0 native plugins for Editor in 0.00 ms.
Invoked RoslynAnalysisRunner static constructor.
RoslynAnalysisRunner will not be running.
RoslynAnalysisRunner has terminated.
Mono: successfully reloaded assembly
- Completed reload, in  0.709 seconds
Platform modules already initialized, skipping
Shader 'Universal Render Pipeline/Particles/Lit': fallback shader 'Universal Render Pipeline/Particles/SimpleLit' not found
Shader 'Universal Render Pipeline/Particles/Lit': fallback shader 'Universal Render Pipeline/Particles/SimpleLit' not found
Refreshing native plugins compatible for Editor in 0.34 ms, found 0 plugins.
Preloading 0 native plugins for Editor in 0.00 ms.
Unloading 2659 Unused Serialized files (Serialized files now loaded: 0)
System memory in use before: 123.1 MB.
System memory in use after: 119.5 MB.

Unloading 67 unused Assets to reduce memory usage. Loaded Objects now: 3142.
Total: 3.440100 ms (FindLiveObjects: 0.239100 ms CreateObjectMapping: 0.117500 ms MarkObjects: 1.443200 ms  DeleteObjects: 1.639400 ms)

========================================================================
Received Prepare
Registering precompiled user dll's ...
Registered in 0.001206 seconds.
Begin MonoManager ReloadAssembly
Native extension for WindowsStandalone target not found
Refreshing native plugins compatible for Editor in 0.36 ms, found 0 plugins.
Preloading 0 native plugins for Editor in 0.00 ms.
Invoked RoslynAnalysisRunner static constructor.
RoslynAnalysisRunner will not be running.
RoslynAnalysisRunner has terminated.
Mono: successfully reloaded assembly
- Completed reload, in  0.705 seconds
Platform modules already initialized, skipping
Shader 'Universal Render Pipeline/Particles/Lit': fallback shader 'Universal Render Pipeline/Particles/SimpleLit' not found
Shader 'Universal Render Pipeline/Particles/Lit': fallback shader 'Universal Render Pipeline/Particles/SimpleLit' not found
Refreshing native plugins compatible for Editor in 0.34 ms, found 0 plugins.
Preloading 0 native plugins for Editor in 0.00 ms.
Unloading 2659 Unused Serialized files (Serialized files now loaded: 0)
System memory in use before: 123.2 MB.
System memory in use after: 119.5 MB.

Unloading 67 unused Assets to reduce memory usage. Loaded Objects now: 3144.
Total: 3.448300 ms (FindLiveObjects: 0.268100 ms CreateObjectMapping: 0.132800 ms MarkObjects: 1.427900 ms  DeleteObjects: 1.618600 ms)

========================================================================
Received Prepare
Registering precompiled user dll's ...
Registered in 0.001152 seconds.
Begin MonoManager ReloadAssembly
Native extension for WindowsStandalone target not found
Refreshing native plugins compatible for Editor in 0.34 ms, found 0 plugins.
Preloading 0 native plugins for Editor in 0.00 ms.
Invoked RoslynAnalysisRunner static constructor.
RoslynAnalysisRunner will not be running.
RoslynAnalysisRunner has terminated.
Mono: successfully reloaded assembly
- Completed reload, in  0.762 seconds
Platform modules already initialized, skipping
Shader 'Universal Render Pipeline/Particles/Lit': fallback shader 'Universal Render Pipeline/Particles/SimpleLit' not found
Shader 'Universal Render Pipeline/Particles/Lit': fallback shader 'Universal Render Pipeline/Particles/SimpleLit' not found
Refreshing native plugins compatible for Editor in 0.44 ms, found 0 plugins.
Preloading 0 native plugins for Editor in 0.00 ms.
Unloading 2659 Unused Serialized files (Serialized files now loaded: 0)
System memory in use before: 123.2 MB.
System memory in use after: 119.5 MB.

Unloading 67 unused Assets to reduce memory usage. Loaded Objects now: 3146.
Total: 5.275400 ms (FindLiveObjects: 0.316800 ms CreateObjectMapping: 0.211500 ms MarkObjects: 2.556700 ms  DeleteObjects: 2.188900 ms)

========================================================================
Received Prepare
Shader 'Universal Render Pipeline/Particles/Lit': fallback shader 'Universal Render Pipeline/Particles/SimpleLit' not found
Shader 'Universal Render Pipeline/Particles/Lit': fallback shader 'Universal Render Pipeline/Particles/SimpleLit' not found
Refreshing native plugins compatible for Editor in 0.98 ms, found 0 plugins.
Preloading 0 native plugins for Editor in 0.00 ms.
Unloading 65 Unused Serialized files (Serialized files now loaded: 0)
System memory in use before: 72.0 MB.
System memory in use after: 68.3 MB.

Unloading 65 unused Assets to reduce memory usage. Loaded Objects now: 3146.
Total: 3.920900 ms (FindLiveObjects: 0.237600 ms CreateObjectMapping: 0.115500 ms MarkObjects: 1.806700 ms  DeleteObjects: 1.760200 ms)

AssetImportWorkerClient::OnTransportError - code=2 error=End of file
