Using pre-set license
Built from '2020.2/release' branch; Version is '2020.2.4f1 (becced5a802b) revision 12504301'; Using compiler version '192528614'; Build Type 'Release'
OS: 'Windows 10 Home; OS build 19044.1706; Version 2009; 64bit' Language: 'es' Physical Memory: 15741 MB
BatchMode: 1, IsHumanControllingUs: 0, StartBugReporterOnCrash: 0, Is64bit: 1, IsPro: 0

 COMMAND LINE ARGUMENTS:
C:\Program Files\Unity\Hub\Editor\2020.2.4f1\Editor\Unity.exe
-adb2
-batchMode
-noUpm
-name
AssetImportWorker0
-projectPath
D:/University/3o/Interactive Systems/Interactive-Systems/FinalProject
-logFile
Logs/AssetImportWorker0.log
-srvPort
50187
Successfully changed project path to: D:/University/3o/Interactive Systems/Interactive-Systems/FinalProject
D:/University/3o/Interactive Systems/Interactive-Systems/FinalProject
Using Asset Import Pipeline V2.
Refreshing native plugins compatible for Editor in 93.49 ms, found 0 plugins.
Preloading 0 native plugins for Editor in 0.00 ms.
Initialize engine version: 2020.2.4f1 (becced5a802b)
[Subsystems] Discovering subsystems at path C:/Program Files/Unity/Hub/Editor/2020.2.4f1/Editor/Data/Resources/UnitySubsystems
[Subsystems] Discovering subsystems at path D:/University/3o/Interactive Systems/Interactive-Systems/FinalProject/Assets
GfxDevice: creating device client; threaded=0
Direct3D:
    Version:  Direct3D 11.0 [level 11.1]
    Renderer: AMD Radeon(TM) Graphics (ID=0x1636)
    Vendor:   
    VRAM:     7870 MB
    Driver:   27.20.11022.14001
Initialize mono
Mono path[0] = 'C:/Program Files/Unity/Hub/Editor/2020.2.4f1/Editor/Data/Managed'
Mono path[1] = 'C:/Program Files/Unity/Hub/Editor/2020.2.4f1/Editor/Data/MonoBleedingEdge/lib/mono/unityjit'
Mono config path = 'C:/Program Files/Unity/Hub/Editor/2020.2.4f1/Editor/Data/MonoBleedingEdge/etc'
Using monoOptions --debugger-agent=transport=dt_socket,embedding=1,server=y,suspend=n,address=127.0.0.1:56748
Begin MonoManager ReloadAssembly
Registering precompiled unity dll's ...
Register platform support module: C:/Program Files/Unity/Hub/Editor/2020.2.4f1/Editor/Data/PlaybackEngines/WindowsStandaloneSupport/UnityEditor.WindowsStandalone.Extensions.dll
Registered in 0.002806 seconds.
Native extension for WindowsStandalone target not found
Refreshing native plugins compatible for Editor in 53.85 ms, found 0 plugins.
Preloading 0 native plugins for Editor in 0.00 ms.
Invoked RoslynAnalysisRunner static constructor.
RoslynAnalysisRunner will not be running.
RoslynAnalysisRunner has terminated.
Mono: successfully reloaded assembly
- Completed reload, in  2.217 seconds
Platform modules already initialized, skipping
Registering precompiled user dll's ...
Registered in 0.002097 seconds.
Begin MonoManager ReloadAssembly
Native extension for WindowsStandalone target not found
Refreshing native plugins compatible for Editor in 0.57 ms, found 0 plugins.
Preloading 0 native plugins for Editor in 0.00 ms.
Invoked RoslynAnalysisRunner static constructor.
RoslynAnalysisRunner will not be running.
RoslynAnalysisRunner has terminated.
Mono: successfully reloaded assembly
- Completed reload, in  1.346 seconds
Platform modules already initialized, skipping
========================================================================
Worker process is ready to serve import requests
Launched and connected shader compiler UnityShaderCompiler.exe after 0.06 seconds
Refreshing native plugins compatible for Editor in 0.71 ms, found 0 plugins.
Preloading 0 native plugins for Editor in 0.00 ms.
Unloading 1415 Unused Serialized files (Serialized files now loaded: 0)
System memory in use before: 65.6 MB.
System memory in use after: 65.7 MB.

Unloading 33 unused Assets to reduce memory usage. Loaded Objects now: 1848.
Total: 3.238200 ms (FindLiveObjects: 0.351900 ms CreateObjectMapping: 0.146200 ms MarkObjects: 2.629600 ms  DeleteObjects: 0.108200 ms)

========================================================================
Received Import Request.
  path: Assets/Scenes/Level 1.unity
  artifactKey: Guid(0bf9f9847e244d04fbde3faa3726a0ae) Importer(815301076,1909f56bfc062723c751e8b465ee728b)
Start importing Assets/Scenes/Level 1.unity using Guid(0bf9f9847e244d04fbde3faa3726a0ae) Importer(815301076,1909f56bfc062723c751e8b465ee728b)  -> (artifact id: '58d39762e6cdfdbbf410fab78a17f72f') in 0.027367 seconds
  Import took 0.031092 seconds .

========================================================================
Received Import Request.
  Time since last request: 1.747564 seconds.
  path: Assets/Scenes/Level 1.unity
  artifactKey: Guid(0bf9f9847e244d04fbde3faa3726a0ae) Importer(815301076,1909f56bfc062723c751e8b465ee728b)
Start importing Assets/Scenes/Level 1.unity using Guid(0bf9f9847e244d04fbde3faa3726a0ae) Importer(815301076,1909f56bfc062723c751e8b465ee728b)  -> (artifact id: '58d39762e6cdfdbbf410fab78a17f72f') in 0.007061 seconds
  Import took 0.011161 seconds .

========================================================================
Received Import Request.
  Time since last request: 202.187805 seconds.
  path: Assets/Scenes/Level 4.unity
  artifactKey: Guid(5fa2ecc33af1943479c2e041f93a7e65) Importer(815301076,1909f56bfc062723c751e8b465ee728b)
Start importing Assets/Scenes/Level 4.unity using Guid(5fa2ecc33af1943479c2e041f93a7e65) Importer(815301076,1909f56bfc062723c751e8b465ee728b)  -> (artifact id: '136180bc649584ad2c89045f0eea4cd6') in 0.009230 seconds
  Import took 0.013005 seconds .

========================================================================
Received Import Request.
  Time since last request: 0.004024 seconds.
  path: Assets/Scenes/Level 4.unity
  artifactKey: Guid(5fa2ecc33af1943479c2e041f93a7e65) Importer(815301076,1909f56bfc062723c751e8b465ee728b)
Start importing Assets/Scenes/Level 4.unity using Guid(5fa2ecc33af1943479c2e041f93a7e65) Importer(815301076,1909f56bfc062723c751e8b465ee728b)  -> (artifact id: '136180bc649584ad2c89045f0eea4cd6') in 0.005556 seconds
  Import took 0.008879 seconds .

========================================================================
Received Import Request.
  Time since last request: 59.488682 seconds.
  path: Assets/scripts/Buttons
  artifactKey: Guid(59bc5af24965989479b73a38d4ad1364) Importer(815301076,1909f56bfc062723c751e8b465ee728b)
Start importing Assets/scripts/Buttons using Guid(59bc5af24965989479b73a38d4ad1364) Importer(815301076,1909f56bfc062723c751e8b465ee728b)  -> (artifact id: '26cdf086aeb3d4773b224828ec1ec68d') in 0.018683 seconds
  Import took 0.024175 seconds .

========================================================================
Received Import Request.
  Time since last request: 2.405067 seconds.
  path: Assets/scripts/Buttons/DeactivateButtons.cs
  artifactKey: Guid(250fcbf098bd5b84389974e511070403) Importer(815301076,1909f56bfc062723c751e8b465ee728b)
Start importing Assets/scripts/Buttons/DeactivateButtons.cs using Guid(250fcbf098bd5b84389974e511070403) Importer(815301076,1909f56bfc062723c751e8b465ee728b)  -> (artifact id: '6f371add96c741e82cc818991bfbd950') in 0.147972 seconds
  Import took 0.153097 seconds .

========================================================================
Received Import Request.
  Time since last request: 3.722652 seconds.
  path: Assets/scripts/Buttons/ButtonAudio.cs
  artifactKey: Guid(3e38c524bd3a63d4da2949edd3a40955) Importer(815301076,1909f56bfc062723c751e8b465ee728b)
Start importing Assets/scripts/Buttons/ButtonAudio.cs using Guid(3e38c524bd3a63d4da2949edd3a40955) Importer(815301076,1909f56bfc062723c751e8b465ee728b)  -> (artifact id: '5c6e11c19ce5ac13ab2af736cd04ddef') in 0.020791 seconds
  Import took 0.027014 seconds .

========================================================================
Received Import Request.
  Time since last request: 0.019230 seconds.
  path: Assets/scripts/Buttons/ButtonAudio.cs
  artifactKey: Guid(3e38c524bd3a63d4da2949edd3a40955) Importer(815301076,1909f56bfc062723c751e8b465ee728b)
Start importing Assets/scripts/Buttons/ButtonAudio.cs using Guid(3e38c524bd3a63d4da2949edd3a40955) Importer(815301076,1909f56bfc062723c751e8b465ee728b)  -> (artifact id: '5c6e11c19ce5ac13ab2af736cd04ddef') in 0.009254 seconds
  Import took 0.014296 seconds .

========================================================================
Received Import Request.
  Time since last request: 3.642910 seconds.
  path: Assets/scripts/Buttons/ActivateButtons.cs
  artifactKey: Guid(e6a167f5b3f85414f88fc1e7b5703c58) Importer(815301076,1909f56bfc062723c751e8b465ee728b)
Start importing Assets/scripts/Buttons/ActivateButtons.cs using Guid(e6a167f5b3f85414f88fc1e7b5703c58) Importer(815301076,1909f56bfc062723c751e8b465ee728b)  -> (artifact id: 'ec9eda08bfc745c0b158ca14fb43591c') in 0.019636 seconds
  Import took 0.026298 seconds .

========================================================================
Received Import Request.
  Time since last request: 2.863199 seconds.
  path: Assets/scripts/Buttons/EndButtons.cs
  artifactKey: Guid(d95482fcfd9b9f440a078cdd3ba18c32) Importer(815301076,1909f56bfc062723c751e8b465ee728b)
Start importing Assets/scripts/Buttons/EndButtons.cs using Guid(d95482fcfd9b9f440a078cdd3ba18c32) Importer(815301076,1909f56bfc062723c751e8b465ee728b)  -> (artifact id: 'e124d156a38725cf0e42e79d097de3c3') in 0.024218 seconds
  Import took 0.032993 seconds .

========================================================================
Received Import Request.
  Time since last request: 0.004103 seconds.
  path: Assets/scripts/Buttons/EndButtons.cs
  artifactKey: Guid(d95482fcfd9b9f440a078cdd3ba18c32) Importer(815301076,1909f56bfc062723c751e8b465ee728b)
Start importing Assets/scripts/Buttons/EndButtons.cs using Guid(d95482fcfd9b9f440a078cdd3ba18c32) Importer(815301076,1909f56bfc062723c751e8b465ee728b)  -> (artifact id: 'e124d156a38725cf0e42e79d097de3c3') in 0.005973 seconds
  Import took 0.012291 seconds .

========================================================================
Received Import Request.
  Time since last request: 11.258103 seconds.
  path: Assets/scripts/Players
  artifactKey: Guid(b2989b0d5d031a34595eb331f30641f6) Importer(815301076,1909f56bfc062723c751e8b465ee728b)
Start importing Assets/scripts/Players using Guid(b2989b0d5d031a34595eb331f30641f6) Importer(815301076,1909f56bfc062723c751e8b465ee728b)  -> (artifact id: '9300614852fdfd33bc8ac9ce06981342') in 0.015518 seconds
  Import took 0.022359 seconds .

========================================================================
Received Import Request.
  Time since last request: 69.071871 seconds.
  path: Assets/prefabs/Buttons/Button.prefab
  artifactKey: Guid(4f6c59dcfffce554d89baeec8f539bdd) Importer(815301076,1909f56bfc062723c751e8b465ee728b)
Start importing Assets/prefabs/Buttons/Button.prefab using Guid(4f6c59dcfffce554d89baeec8f539bdd) Importer(815301076,1909f56bfc062723c751e8b465ee728b)  -> (artifact id: '01d2c904012071b5c6411eb607c20da5') in 0.237429 seconds
  Import took 0.243274 seconds .

========================================================================
Received Import Request.
  Time since last request: 2.125109 seconds.
  path: Assets/Materials/Materials/New Material 1.mat
  artifactKey: Guid(65872593644a2054d9747c524f975846) Importer(815301076,1909f56bfc062723c751e8b465ee728b)
Start importing Assets/Materials/Materials/New Material 1.mat using Guid(65872593644a2054d9747c524f975846) Importer(815301076,1909f56bfc062723c751e8b465ee728b)  -> (artifact id: 'f7f0a20c3d3e2e7511687ec318b702a8') in 0.078151 seconds
  Import took 0.084090 seconds .

========================================================================
Received Import Request.
  Time since last request: 0.000314 seconds.
  path: Assets/Materials/Materials/orange.mat
  artifactKey: Guid(eb7378674331c734eb4ada09a82dcf5a) Importer(815301076,1909f56bfc062723c751e8b465ee728b)
Start importing Assets/Materials/Materials/orange.mat using Guid(eb7378674331c734eb4ada09a82dcf5a) Importer(815301076,1909f56bfc062723c751e8b465ee728b)  -> (artifact id: '0cad5aa146ab99f83eba0cc6858fcd66') in 0.022004 seconds
  Import took 0.026187 seconds .

========================================================================
Received Import Request.
  Time since last request: 0.000264 seconds.
  path: Assets/Materials/Materials/New Material 1.mat
  artifactKey: Guid(65872593644a2054d9747c524f975846) Importer(815301076,1909f56bfc062723c751e8b465ee728b)
Start importing Assets/Materials/Materials/New Material 1.mat using Guid(65872593644a2054d9747c524f975846) Importer(815301076,1909f56bfc062723c751e8b465ee728b)  -> (artifact id: 'f7f0a20c3d3e2e7511687ec318b702a8') in 0.018254 seconds
  Import took 0.022120 seconds .

========================================================================
Received Import Request.
  Time since last request: 0.000340 seconds.
  path: Assets/Materials/Materials/orange.mat
  artifactKey: Guid(eb7378674331c734eb4ada09a82dcf5a) Importer(815301076,1909f56bfc062723c751e8b465ee728b)
Start importing Assets/Materials/Materials/orange.mat using Guid(eb7378674331c734eb4ada09a82dcf5a) Importer(815301076,1909f56bfc062723c751e8b465ee728b)  -> (artifact id: '0cad5aa146ab99f83eba0cc6858fcd66') in 0.015808 seconds
  Import took 0.021547 seconds .

========================================================================
Received Prepare
Registering precompiled user dll's ...
Registered in 0.001836 seconds.
Begin MonoManager ReloadAssembly
Native extension for WindowsStandalone target not found
Refreshing native plugins compatible for Editor in 0.69 ms, found 0 plugins.
Preloading 0 native plugins for Editor in 0.00 ms.
Invoked RoslynAnalysisRunner static constructor.
RoslynAnalysisRunner will not be running.
RoslynAnalysisRunner has terminated.
Mono: successfully reloaded assembly
- Completed reload, in  1.246 seconds
Platform modules already initialized, skipping
Refreshing native plugins compatible for Editor in 0.57 ms, found 0 plugins.
Preloading 0 native plugins for Editor in 0.00 ms.
Unloading 1409 Unused Serialized files (Serialized files now loaded: 0)
System memory in use before: 68.9 MB.
System memory in use after: 69.0 MB.

Unloading 25 unused Assets to reduce memory usage. Loaded Objects now: 1892.
Total: 2.488300 ms (FindLiveObjects: 0.216100 ms CreateObjectMapping: 0.048800 ms MarkObjects: 2.182800 ms  DeleteObjects: 0.038900 ms)

========================================================================
Received Import Request.
  Time since last request: 28.642231 seconds.
  path: Assets/Materials/Materials/New Material.mat
  artifactKey: Guid(e5848c4611c035f4aa0c185fd97b927b) Importer(815301076,1909f56bfc062723c751e8b465ee728b)
Start importing Assets/Materials/Materials/New Material.mat using Guid(e5848c4611c035f4aa0c185fd97b927b) Importer(815301076,1909f56bfc062723c751e8b465ee728b)  -> (artifact id: '2ebe384e8974e81b196bda7e00dd4427') in 0.128155 seconds
  Import took 0.133604 seconds .

========================================================================
Received Prepare
Registering precompiled user dll's ...
Registered in 0.002348 seconds.
Begin MonoManager ReloadAssembly
Native extension for WindowsStandalone target not found
Refreshing native plugins compatible for Editor in 0.83 ms, found 0 plugins.
Preloading 0 native plugins for Editor in 0.00 ms.
Invoked RoslynAnalysisRunner static constructor.
RoslynAnalysisRunner will not be running.
RoslynAnalysisRunner has terminated.
Mono: successfully reloaded assembly
- Completed reload, in  1.246 seconds
Platform modules already initialized, skipping
Refreshing native plugins compatible for Editor in 0.88 ms, found 0 plugins.
Preloading 0 native plugins for Editor in 0.00 ms.
Unloading 1409 Unused Serialized files (Serialized files now loaded: 0)
System memory in use before: 68.9 MB.
System memory in use after: 69.0 MB.

Unloading 24 unused Assets to reduce memory usage. Loaded Objects now: 1895.
Total: 3.653300 ms (FindLiveObjects: 0.328100 ms CreateObjectMapping: 0.088400 ms MarkObjects: 3.185900 ms  DeleteObjects: 0.048500 ms)

AssetImportWorkerClient::OnTransportError - code=2 error=End of file
